2024-05-08 19:37:35.177 [info] Log level: Info
2024-05-08 19:37:35.177 [info] Validating found git in: "git"
2024-05-08 19:37:35.177 [info] Using git "2.25.1" from "git"
2024-05-08 19:37:35.177 [info] > git rev-parse --show-toplevel [56ms]
2024-05-08 19:38:15.227 [info] > git rev-parse --show-toplevel [123ms]
2024-05-08 19:42:04.077 [info] > git rev-parse --show-toplevel [4ms]
2024-05-08 19:42:04.083 [info] > git rev-parse --git-dir --git-common-dir [1ms]
2024-05-08 19:42:04.104 [info] Open repository: /home/gustavo/Aulinha-Git
2024-05-08 19:42:04.126 [info] > git config --get commit.template [12ms]
2024-05-08 19:42:04.128 [info] No remotes found in the git config file.
2024-05-08 19:42:04.134 [info] > git for-each-ref --format=%(refname)%00%(upstream:short)%00%(objectname)%00%(upstream:track)%00%(upstream:remotename)%00%(upstream:remoteref) refs/heads/master refs/remotes/master [10ms]
2024-05-08 19:42:04.136 [warning] No such branch: master.
2024-05-08 19:42:04.168 [info] > git status -z -uall [25ms]
2024-05-08 19:42:04.188 [info] > git config --get commit.template [1ms]
2024-05-08 19:42:04.200 [info] No remotes found in the git config file.
2024-05-08 19:42:04.202 [info] > git for-each-ref --format=%(refname)%00%(upstream:short)%00%(objectname)%00%(upstream:track)%00%(upstream:remotename)%00%(upstream:remoteref) refs/heads/master refs/remotes/master [4ms]
2024-05-08 19:42:04.202 [warning] No such branch: master.
2024-05-08 19:42:04.220 [info] > git status -z -uall [10ms]
2024-05-08 19:42:04.457 [info] > git show --textconv :teste.py [7ms]
2024-05-08 19:42:04.460 [info] > git ls-files --stage -- /home/gustavo/Aulinha-Git/teste.py [3ms]
2024-05-08 19:42:04.663 [info] > git check-ignore -v -z --stdin [4ms]
2024-05-08 20:14:19.883 [info] > git config --get commit.template [15ms]
2024-05-08 20:14:19.886 [info] > git for-each-ref --format=%(refname)%00%(upstream:short)%00%(objectname)%00%(upstream:track)%00%(upstream:remotename)%00%(upstream:remoteref) refs/heads/main refs/remotes/main [10ms]
2024-05-08 20:14:19.902 [info] > git status -z -uall [7ms]
2024-05-08 20:14:19.937 [info] > git merge-base refs/heads/main refs/remotes/origin/main [20ms]
2024-05-08 20:14:19.947 [info] > git ls-files --stage -- /home/gustavo/Aulinha-Git/teste.py [10ms]
2024-05-08 20:14:19.955 [info] > git rev-list --count --left-right refs/heads/main...refs/remotes/origin/main [8ms]
2024-05-08 20:14:19.965 [info] > git cat-file -s 6c1d590f4964681dfb669321cba6ce950d9fb1a9 [12ms]
2024-05-08 20:14:19.966 [info] > git diff --name-status -z --diff-filter=ADMR 9c47c3ab9290e2a571100fe2457b13b5ecf67cdf...refs/remotes/origin/main [3ms]
2024-05-08 20:14:19.984 [info] > git show --textconv :teste.py [1ms]
2024-05-08 20:14:24.944 [info] > git config --get commit.template [2ms]
2024-05-08 20:14:24.952 [info] > git for-each-ref --format=%(refname)%00%(upstream:short)%00%(objectname)%00%(upstream:track)%00%(upstream:remotename)%00%(upstream:remoteref) refs/heads/main refs/remotes/main [2ms]
2024-05-08 20:14:24.961 [info] > git status -z -uall [1ms]
2024-05-08 20:14:33.023 [info] > git show --textconv :Aulinha [11ms]
2024-05-08 20:14:33.025 [info] > git ls-files --stage -- /home/gustavo/Aulinha-Git/Aulinha [3ms]
2024-05-08 20:14:33.256 [info] > git check-ignore -v -z --stdin [2ms]
2024-05-08 20:14:40.820 [info] > git config --get commit.template [11ms]
2024-05-08 20:14:40.821 [info] > git for-each-ref --format=%(refname)%00%(upstream:short)%00%(objectname)%00%(upstream:track)%00%(upstream:remotename)%00%(upstream:remoteref) refs/heads/main refs/remotes/main [2ms]
2024-05-08 20:14:40.830 [info] > git status -z -uall [1ms]
2024-05-08 20:14:52.444 [info] > git show --textconv :teste.py [8ms]
2024-05-08 20:14:52.446 [info] > git ls-files --stage -- /home/gustavo/Aulinha-Git/teste.py [3ms]
2024-05-08 20:14:52.454 [info] > git cat-file -s 6c1d590f4964681dfb669321cba6ce950d9fb1a9 [1ms]
2024-05-08 20:14:53.335 [info] > git config --get commit.template [3ms]
2024-05-08 20:14:53.344 [info] > git for-each-ref --format=%(refname)%00%(upstream:short)%00%(objectname)%00%(upstream:track)%00%(upstream:remotename)%00%(upstream:remoteref) refs/heads/main refs/remotes/main [1ms]
2024-05-08 20:14:53.353 [info] > git status -z -uall [2ms]
2024-05-08 20:15:26.301 [info] > git show --textconv :index.html [7ms]
2024-05-08 20:15:26.302 [info] > git ls-files --stage -- /home/gustavo/Aulinha-Git/index.html [2ms]
2024-05-08 20:15:26.484 [info] > git check-ignore -v -z --stdin [1ms]
2024-05-08 20:15:27.183 [info] > git config --get commit.template [10ms]
2024-05-08 20:15:27.184 [info] > git for-each-ref --format=%(refname)%00%(upstream:short)%00%(objectname)%00%(upstream:track)%00%(upstream:remotename)%00%(upstream:remoteref) refs/heads/main refs/remotes/main [2ms]
2024-05-08 20:15:27.196 [info] > git status -z -uall [6ms]
2024-05-08 20:15:53.133 [info] > git show --textconv :teste.py [8ms]
2024-05-08 20:15:53.133 [info] > git ls-files --stage -- /home/gustavo/Aulinha-Git/teste.py [1ms]
2024-05-08 20:15:53.142 [info] > git cat-file -s 6c1d590f4964681dfb669321cba6ce950d9fb1a9 [1ms]
2024-05-08 20:15:53.803 [info] > git show --textconv :index.html [7ms]
2024-05-08 20:15:53.804 [info] > git ls-files --stage -- /home/gustavo/Aulinha-Git/index.html [2ms]
2024-05-08 20:16:10.458 [info] > git show --textconv :index.html [8ms]
2024-05-08 20:16:10.458 [info] > git ls-files --stage -- /home/gustavo/Aulinha-Git/index.html [1ms]
2024-05-08 20:16:41.048 [info] > git show --textconv :AULINHA-VSCODE [12ms]
2024-05-08 20:16:41.051 [info] > git ls-files --stage -- /home/gustavo/Aulinha-Git/AULINHA-VSCODE [3ms]
2024-05-08 20:16:41.289 [info] > git check-ignore -v -z --stdin [1ms]
2024-05-08 20:16:41.879 [info] > git config --get commit.template [7ms]
2024-05-08 20:16:41.879 [info] > git for-each-ref --format=%(refname)%00%(upstream:short)%00%(objectname)%00%(upstream:track)%00%(upstream:remotename)%00%(upstream:remoteref) refs/heads/main refs/remotes/main [1ms]
2024-05-08 20:16:41.886 [info] > git status -z -uall [1ms]
2024-05-08 20:16:50.334 [info] > git config --get commit.template [1ms]
2024-05-08 20:16:50.339 [info] > git for-each-ref --format=%(refname)%00%(upstream:short)%00%(objectname)%00%(upstream:track)%00%(upstream:remotename)%00%(upstream:remoteref) refs/heads/main refs/remotes/main [1ms]
2024-05-08 20:16:50.344 [info] > git status -z -uall [1ms]
2024-05-08 20:16:55.361 [info] > git config --get commit.template [1ms]
2024-05-08 20:16:55.370 [info] > git for-each-ref --format=%(refname)%00%(upstream:short)%00%(objectname)%00%(upstream:track)%00%(upstream:remotename)%00%(upstream:remoteref) refs/heads/main refs/remotes/main [2ms]
2024-05-08 20:16:55.377 [info] > git status -z -uall [2ms]
